<!DOCTYPE html>
<html>
  <head>
    <meta charset="utf-8"/>
    <title>Test Report</title>
    <link href="assets/style.css" rel="stylesheet" type="text/css"/></head>
  <body onLoad="init()">
    <script>/* This Source Code Form is subject to the terms of the Mozilla Public
 * License, v. 2.0. If a copy of the MPL was not distributed with this file,
 * You can obtain one at http://mozilla.org/MPL/2.0/. */


function toArray(iter) {
    if (iter === null) {
        return null;
    }
    return Array.prototype.slice.call(iter);
}

function find(selector, elem) {
    if (!elem) {
        elem = document;
    }
    return elem.querySelector(selector);
}

function find_all(selector, elem) {
    if (!elem) {
        elem = document;
    }
    return toArray(elem.querySelectorAll(selector));
}

function sort_column(elem) {
    toggle_sort_states(elem);
    var colIndex = toArray(elem.parentNode.childNodes).indexOf(elem);
    var key;
    if (elem.classList.contains('numeric')) {
        key = key_num;
    } else if (elem.classList.contains('result')) {
        key = key_result;
    } else {
        key = key_alpha;
    }
    sort_table(elem, key(colIndex));
}

function show_all_extras() {
    find_all('.col-result').forEach(show_extras);
}

function hide_all_extras() {
    find_all('.col-result').forEach(hide_extras);
}

function show_extras(colresult_elem) {
    var extras = colresult_elem.parentNode.nextElementSibling;
    var expandcollapse = colresult_elem.firstElementChild;
    extras.classList.remove("collapsed");
    expandcollapse.classList.remove("expander");
    expandcollapse.classList.add("collapser");
}

function hide_extras(colresult_elem) {
    var extras = colresult_elem.parentNode.nextElementSibling;
    var expandcollapse = colresult_elem.firstElementChild;
    extras.classList.add("collapsed");
    expandcollapse.classList.remove("collapser");
    expandcollapse.classList.add("expander");
}

function show_filters() {
    var filter_items = document.getElementsByClassName('filter');
    for (var i = 0; i < filter_items.length; i++)
        filter_items[i].hidden = false;
}

function add_collapse() {
    // Add links for show/hide all
    var resulttable = find('table#results-table');
    var showhideall = document.createElement("p");
    showhideall.innerHTML = '<a href="javascript:show_all_extras()">Show all details</a> / ' +
                            '<a href="javascript:hide_all_extras()">Hide all details</a>';
    resulttable.parentElement.insertBefore(showhideall, resulttable);

    // Add show/hide link to each result
    find_all('.col-result').forEach(function(elem) {
        var collapsed = get_query_parameter('collapsed') || 'Passed';
        var extras = elem.parentNode.nextElementSibling;
        var expandcollapse = document.createElement("span");
        if (collapsed.includes(elem.innerHTML)) {
            extras.classList.add("collapsed");
            expandcollapse.classList.add("expander");
        } else {
            expandcollapse.classList.add("collapser");
        }
        elem.appendChild(expandcollapse);

        elem.addEventListener("click", function(event) {
            if (event.currentTarget.parentNode.nextElementSibling.classList.contains("collapsed")) {
                show_extras(event.currentTarget);
            } else {
                hide_extras(event.currentTarget);
            }
        });
    })
}

function get_query_parameter(name) {
    var match = RegExp('[?&]' + name + '=([^&]*)').exec(window.location.search);
    return match && decodeURIComponent(match[1].replace(/\+/g, ' '));
}

function init () {
    reset_sort_headers();

    add_collapse();

    show_filters();

    sort_column(find('.initial-sort'));

    find_all('.sortable').forEach(function(elem) {
        elem.addEventListener("click",
                              function(event) {
                                  sort_column(elem);
                              }, false)
    });

};

function sort_table(clicked, key_func) {
    var rows = find_all('.results-table-row');
    var reversed = !clicked.classList.contains('asc');
    var sorted_rows = sort(rows, key_func, reversed);
    /* Whole table is removed here because browsers acts much slower
     * when appending existing elements.
     */
    var thead = document.getElementById("results-table-head");
    document.getElementById('results-table').remove();
    var parent = document.createElement("table");
    parent.id = "results-table";
    parent.appendChild(thead);
    sorted_rows.forEach(function(elem) {
        parent.appendChild(elem);
    });
    document.getElementsByTagName("BODY")[0].appendChild(parent);
}

function sort(items, key_func, reversed) {
    var sort_array = items.map(function(item, i) {
        return [key_func(item), i];
    });

    sort_array.sort(function(a, b) {
        var key_a = a[0];
        var key_b = b[0];

        if (key_a == key_b) return 0;

        if (reversed) {
            return (key_a < key_b ? 1 : -1);
        } else {
            return (key_a > key_b ? 1 : -1);
        }
    });

    return sort_array.map(function(item) {
        var index = item[1];
        return items[index];
    });
}

function key_alpha(col_index) {
    return function(elem) {
        return elem.childNodes[1].childNodes[col_index].firstChild.data.toLowerCase();
    };
}

function key_num(col_index) {
    return function(elem) {
        return parseFloat(elem.childNodes[1].childNodes[col_index].firstChild.data);
    };
}

function key_result(col_index) {
    return function(elem) {
        var strings = ['Error', 'Failed', 'Rerun', 'XFailed', 'XPassed',
                       'Skipped', 'Passed'];
        return strings.indexOf(elem.childNodes[1].childNodes[col_index].firstChild.data);
    };
}

function reset_sort_headers() {
    find_all('.sort-icon').forEach(function(elem) {
        elem.parentNode.removeChild(elem);
    });
    find_all('.sortable').forEach(function(elem) {
        var icon = document.createElement("div");
        icon.className = "sort-icon";
        icon.textContent = "vvv";
        elem.insertBefore(icon, elem.firstChild);
        elem.classList.remove("desc", "active");
        elem.classList.add("asc", "inactive");
    });
}

function toggle_sort_states(elem) {
    //if active, toggle between asc and desc
    if (elem.classList.contains('active')) {
        elem.classList.toggle('asc');
        elem.classList.toggle('desc');
    }

    //if inactive, reset all other functions and add ascending active
    if (elem.classList.contains('inactive')) {
        reset_sort_headers();
        elem.classList.remove('inactive');
        elem.classList.add('active');
    }
}

function is_all_rows_hidden(value) {
  return value.hidden == false;
}

function filter_table(elem) {
    var outcome_att = "data-test-result";
    var outcome = elem.getAttribute(outcome_att);
    class_outcome = outcome + " results-table-row";
    var outcome_rows = document.getElementsByClassName(class_outcome);

    for(var i = 0; i < outcome_rows.length; i++){
        outcome_rows[i].hidden = !elem.checked;
    }

    var rows = find_all('.results-table-row').filter(is_all_rows_hidden);
    var all_rows_hidden = rows.length == 0 ? true : false;
    var not_found_message = document.getElementById("not-found-message");
    not_found_message.hidden = !all_rows_hidden;
}
</script>
    <h1>results.html</h1>
    <p>Report generated on 24-Mar-2020 at 18:24:41 by <a href="https://pypi.python.org/pypi/pytest-html">pytest-html</a> v2.0.1</p>
    <h2>Environment</h2>
    <table id="environment">
      <tr>
        <td>Packages</td>
        <td>{&apos;pytest&apos;: &apos;5.1.2&apos;, &apos;py&apos;: &apos;1.8.0&apos;, &apos;pluggy&apos;: &apos;0.12.0&apos;}</td></tr>
      <tr>
        <td>Platform</td>
        <td>Darwin-19.3.0-x86_64-i386-64bit</td></tr>
      <tr>
        <td>Plugins</td>
        <td>{&apos;html&apos;: &apos;2.0.1&apos;, &apos;bdd&apos;: &apos;3.2.1&apos;, &apos;xdist&apos;: &apos;1.31.0&apos;, &apos;forked&apos;: &apos;1.1.3&apos;, &apos;metadata&apos;: &apos;1.8.0&apos;}</td></tr>
      <tr>
        <td>Python</td>
        <td>3.6.9</td></tr></table>
    <h2>Summary</h2>
    <p>42 tests ran in 11.79 seconds. </p>
    <p class="filter" hidden="true">(Un)check the boxes to filter the results.</p><input checked="true" class="filter" data-test-result="passed" hidden="true" name="filter_checkbox" onChange="filter_table(this)" type="checkbox"/><span class="passed">33 passed</span>, <input checked="true" class="filter" data-test-result="skipped" disabled="true" hidden="true" name="filter_checkbox" onChange="filter_table(this)" type="checkbox"/><span class="skipped">0 skipped</span>, <input checked="true" class="filter" data-test-result="failed" hidden="true" name="filter_checkbox" onChange="filter_table(this)" type="checkbox"/><span class="failed">9 failed</span>, <input checked="true" class="filter" data-test-result="error" disabled="true" hidden="true" name="filter_checkbox" onChange="filter_table(this)" type="checkbox"/><span class="error">0 errors</span>, <input checked="true" class="filter" data-test-result="xfailed" disabled="true" hidden="true" name="filter_checkbox" onChange="filter_table(this)" type="checkbox"/><span class="xfailed">0 expected failures</span>, <input checked="true" class="filter" data-test-result="xpassed" disabled="true" hidden="true" name="filter_checkbox" onChange="filter_table(this)" type="checkbox"/><span class="xpassed">0 unexpected passes</span>
    <h2>Results</h2>
    <table id="results-table">
      <thead id="results-table-head">
        <tr>
          <th class="sortable result initial-sort" col="result">Result</th>
          <th class="sortable" col="name">Test</th>
          <th class="sortable numeric" col="duration">Duration</th>
          <th>Links</th></tr>
        <tr hidden="true" id="not-found-message">
          <th colspan="4">No results found. Try to check the filters</th></tr></thead>
      <tbody class="failed results-table-row">
        <tr>
          <td class="col-result">Failed</td>
          <td class="col-name">Store_test/test_delete_order.py::inventoryTests::test_invalid_id</td>
          <td class="col-duration">0.73</td>
          <td class="col-links"></td></tr>
        <tr>
          <td class="extra" colspan="4">
            <div class="log">[gw2] darwin -- Python 3.6.9 /Users/Cesan/anaconda3/envs/Pytest/bin/python<br/><br/>self = &lt;test_delete_order.inventoryTests object at 0x108ccb9e8&gt;, API_delete = &#x27;https://petstore.swagger.io/v2/store/order/&#x27;<br/><br/>    def test_invalid_id(self,API_delete):<br/>        #test to check the status code 200<br/>        id = &quot;test&quot;<br/>        url_find= API_delete+str(id)<br/>        response = requests.delete(url_find)<br/>&gt;       assert response.status_code == 400<br/><span class="error">E       assert 404 == 400</span><br/><span class="error">E        +  where 404 = &lt;Response [404]&gt;.status_code</span><br/><br/>Store_test/test_delete_order.py:36: AssertionError<br/></div></td></tr></tbody>
      <tbody class="failed results-table-row">
        <tr>
          <td class="col-result">Failed</td>
          <td class="col-name">Store_test/test_find_order.py::inventoryTests::test_status_code_invalid_ID_2</td>
          <td class="col-duration">0.29</td>
          <td class="col-links"></td></tr>
        <tr>
          <td class="extra" colspan="4">
            <div class="log">[gw2] darwin -- Python 3.6.9 /Users/Cesan/anaconda3/envs/Pytest/bin/python<br/><br/>self = &lt;test_find_order.inventoryTests object at 0x108ccb898&gt;, API_find_order = &#x27;https://petstore.swagger.io/v2/store/order/&#x27;<br/><br/>    def test_status_code_invalid_ID_2(self,API_find_order):<br/>        #test to check the status code for an Invalid ID supplied<br/>        id = &quot;t2545&quot;<br/>        url_find= API_find_order+str(id)<br/>        response = requests.get(url_find)<br/>&gt;       assert response.status_code == 400, &quot;The status_code Should be 400&quot;<br/><span class="error">E       AssertionError: The status_code Should be 400</span><br/><span class="error">E       assert 404 == 400</span><br/><span class="error">E        +  where 404 = &lt;Response [404]&gt;.status_code</span><br/><br/>Store_test/test_find_order.py:45: AssertionError<br/></div></td></tr></tbody>
      <tbody class="failed results-table-row">
        <tr>
          <td class="col-result">Failed</td>
          <td class="col-name">Store_test/test_find_order.py::inventoryTests::test_status_code_200</td>
          <td class="col-duration">1.29</td>
          <td class="col-links"></td></tr>
        <tr>
          <td class="extra" colspan="4">
            <div class="log">[gw3] darwin -- Python 3.6.9 /Users/Cesan/anaconda3/envs/Pytest/bin/python<br/><br/>self = &lt;test_find_order.inventoryTests object at 0x103d2d2b0&gt;, API_find_order = &#x27;https://petstore.swagger.io/v2/store/order/&#x27;, json_order = {&#x27;complete&#x27;: True, &#x27;id&#x27;: 5, &#x27;petId&#x27;: 1022371684, &#x27;quantity&#x27;: 0, ...}<br/>API_order = &#x27;https://petstore.swagger.io/v2/store/order&#x27;<br/><br/>    @mark.smoke<br/>    def test_status_code_200(self,API_find_order,json_order,API_order):<br/>        #test to check the status code 200<br/>        test = int(5)<br/>        json_order[&#x27;id&#x27;] = test<br/>        response = requests.post(API_order,json = json_order)<br/>        json_response = json.loads(response.text)<br/>        id = jsonpath.jsonpath(json_response,&#x27;id&#x27;)<br/>        url_find= API_find_order+str(id[0])<br/>        response_2 = requests.get(url_find)<br/>&gt;       assert response_2.status_code == 200<br/><span class="error">E       assert 404 == 200</span><br/><span class="error">E        +  where 404 = &lt;Response [404]&gt;.status_code</span><br/><br/>Store_test/test_find_order.py:18: AssertionError<br/></div></td></tr></tbody>
      <tbody class="failed results-table-row">
        <tr>
          <td class="col-result">Failed</td>
          <td class="col-name">Store_test/test_find_order.py::inventoryTests::test_status_code_invalid_ID</td>
          <td class="col-duration">0.87</td>
          <td class="col-links"></td></tr>
        <tr>
          <td class="extra" colspan="4">
            <div class="log">[gw1] darwin -- Python 3.6.9 /Users/Cesan/anaconda3/envs/Pytest/bin/python<br/><br/>self = &lt;test_find_order.inventoryTests object at 0x10f61acc0&gt;, API_find_order = &#x27;https://petstore.swagger.io/v2/store/order/&#x27;<br/><br/>    @mark.smoke<br/>    def test_status_code_invalid_ID(self,API_find_order):<br/>        #test to check the status code for an Invalid ID supplied<br/>        id = &quot;t&quot;<br/>        url_find= API_find_order+str(id)<br/>        response = requests.get(url_find)<br/>&gt;       assert response.status_code == 400 , &quot;The status_code Should be 400&quot;<br/><span class="error">E       AssertionError: The status_code Should be 400</span><br/><span class="error">E       assert 404 == 400</span><br/><span class="error">E        +  where 404 = &lt;Response [404]&gt;.status_code</span><br/><br/>Store_test/test_find_order.py:37: AssertionError<br/></div></td></tr></tbody>
      <tbody class="failed results-table-row">
        <tr>
          <td class="col-result">Failed</td>
          <td class="col-name">Store_test/test_find_order.py::inventoryTests::test_status_code_invalid_ID_3</td>
          <td class="col-duration">0.72</td>
          <td class="col-links"></td></tr>
        <tr>
          <td class="extra" colspan="4">
            <div class="log">[gw3] darwin -- Python 3.6.9 /Users/Cesan/anaconda3/envs/Pytest/bin/python<br/><br/>self = &lt;test_find_order.inventoryTests object at 0x103d57eb8&gt;, API_find_order = &#x27;https://petstore.swagger.io/v2/store/order/&#x27;<br/><br/>    def test_status_code_invalid_ID_3(self,API_find_order):<br/>        #test to check the status code for an Invalid ID supplied<br/>        id = 25.4<br/>        url_find= API_find_order+str(id)<br/>        response = requests.get(url_find)<br/>&gt;       assert response.status_code == 400 , &quot;The status_code Should be 400&quot;<br/><span class="error">E       AssertionError: The status_code Should be 400</span><br/><span class="error">E       assert 404 == 400</span><br/><span class="error">E        +  where 404 = &lt;Response [404]&gt;.status_code</span><br/><br/>Store_test/test_find_order.py:53: AssertionError<br/></div></td></tr></tbody>
      <tbody class="failed results-table-row">
        <tr>
          <td class="col-result">Failed</td>
          <td class="col-name">Store_test/test_store_order.py::ordersTests::test_data_float_type_field_petId</td>
          <td class="col-duration">0.29</td>
          <td class="col-links"></td></tr>
        <tr>
          <td class="extra" colspan="4">
            <div class="log">[gw2] darwin -- Python 3.6.9 /Users/Cesan/anaconda3/envs/Pytest/bin/python<br/><br/>self = &lt;test_store_order.ordersTests object at 0x108d8bef0&gt;, json_order = {&#x27;complete&#x27;: True, &#x27;id&#x27;: 5, &#x27;petId&#x27;: 12.1, &#x27;quantity&#x27;: 0, ...}, API_order = &#x27;https://petstore.swagger.io/v2/store/order&#x27;<br/><br/>    def test_data_float_type_field_petId(self,json_order,API_order):<br/>        #test to check the data type for petId field it should be integer<br/>        test = float(12.1)<br/>        json_order[&#x27;petId&#x27;] = test<br/>        response = requests.post(API_order,json = json_order)<br/>&gt;       assert response.status_code == 500<br/><span class="error">E       assert 200 == 500</span><br/><span class="error">E        +  where 200 = &lt;Response [200]&gt;.status_code</span><br/><br/>Store_test/test_store_order.py:66: AssertionError<br/></div></td></tr></tbody>
      <tbody class="failed results-table-row">
        <tr>
          <td class="col-result">Failed</td>
          <td class="col-name">Store_test/test_store_order.py::ordersTests::test_data_float_type_field_id</td>
          <td class="col-duration">1.62</td>
          <td class="col-links"></td></tr>
        <tr>
          <td class="extra" colspan="4">
            <div class="log">[gw3] darwin -- Python 3.6.9 /Users/Cesan/anaconda3/envs/Pytest/bin/python<br/><br/>self = &lt;test_store_order.ordersTests object at 0x103d57ef0&gt;, json_order = {&#x27;complete&#x27;: True, &#x27;id&#x27;: 12.7, &#x27;petId&#x27;: 1022371684, &#x27;quantity&#x27;: 0, ...}, API_order = &#x27;https://petstore.swagger.io/v2/store/order&#x27;<br/><br/>    def test_data_float_type_field_id(self,json_order,API_order):<br/>        #test to check the data type for id field it should be integer<br/>        test = float(12.7)<br/>        json_order[&#x27;id&#x27;] = test<br/>        response = requests.post(API_order,json = json_order)<br/>&gt;       assert response.status_code == 500<br/><span class="error">E       assert 200 == 500</span><br/><span class="error">E        +  where 200 = &lt;Response [200]&gt;.status_code</span><br/><br/>Store_test/test_store_order.py:35: AssertionError<br/></div></td></tr></tbody>
      <tbody class="failed results-table-row">
        <tr>
          <td class="col-result">Failed</td>
          <td class="col-name">Store_test/test_store_order.py::ordersTests::test_data_float_type_field_quantity</td>
          <td class="col-duration">0.67</td>
          <td class="col-links"></td></tr>
        <tr>
          <td class="extra" colspan="4">
            <div class="log">[gw2] darwin -- Python 3.6.9 /Users/Cesan/anaconda3/envs/Pytest/bin/python<br/><br/>self = &lt;test_store_order.ordersTests object at 0x108d23b70&gt;, json_order = {&#x27;complete&#x27;: True, &#x27;id&#x27;: 5, &#x27;petId&#x27;: 1022371684, &#x27;quantity&#x27;: 12.1, ...}, API_order = &#x27;https://petstore.swagger.io/v2/store/order&#x27;<br/><br/>    def test_data_float_type_field_quantity(self,json_order,API_order):<br/>        #test to check the data type for quantity field it should be integer<br/>        test = float(12.1)<br/>        json_order[&#x27;quantity&#x27;] = test<br/>        response = requests.post(API_order,json = json_order)<br/>&gt;       assert response.status_code == 500<br/><span class="error">E       assert 200 == 500</span><br/><span class="error">E        +  where 200 = &lt;Response [200]&gt;.status_code</span><br/><br/>Store_test/test_store_order.py:97: AssertionError<br/></div></td></tr></tbody>
      <tbody class="failed results-table-row">
        <tr>
          <td class="col-result">Failed</td>
          <td class="col-name">Store_test/test_store_order.py::ordersTests::test_status_with_incorrect_field</td>
          <td class="col-duration">0.29</td>
          <td class="col-links"></td></tr>
        <tr>
          <td class="extra" colspan="4">
            <div class="log">[gw1] darwin -- Python 3.6.9 /Users/Cesan/anaconda3/envs/Pytest/bin/python<br/><br/>self = &lt;test_store_order.ordersTests object at 0x110a20780&gt;, json_order = {&#x27;complete&#x27;: True, &#x27;id&#x27;: 5, &#x27;petId&#x27;: 1022371684, &#x27;quantity&#x27;: 0, ...}, API_order = &#x27;https://petstore.swagger.io/v2/store/order&#x27;<br/><br/>    @mark.smoke<br/>    def test_status_with_incorrect_field(self,json_order,API_order):<br/>        #test to check shstatusipDate field with a status: test  which is wrong<br/>        test = &quot;test&quot;<br/>        json_order[&#x27;status&#x27;] = test<br/>        response = requests.post(API_order,json = json_order)<br/>&gt;       assert response.status_code == 400<br/><span class="error">E       assert 200 == 400</span><br/><span class="error">E        +  where 200 = &lt;Response [200]&gt;.status_code</span><br/><br/>Store_test/test_store_order.py:164: AssertionError<br/></div></td></tr></tbody>
      <tbody class="passed results-table-row">
        <tr>
          <td class="col-result">Passed</td>
          <td class="col-name">Store_test/test_delete_order.py::inventoryTests::test_order_not_found</td>
          <td class="col-duration">0.69</td>
          <td class="col-links"></td></tr>
        <tr>
          <td class="extra" colspan="4">
            <div class="empty log">No log output captured.</div></td></tr></tbody>
      <tbody class="passed results-table-row">
        <tr>
          <td class="col-result">Passed</td>
          <td class="col-name">Store_test/test_delete_order.py::inventoryTests::test_status_code_200</td>
          <td class="col-duration">1.02</td>
          <td class="col-links"></td></tr>
        <tr>
          <td class="extra" colspan="4">
            <div class="empty log">No log output captured.</div></td></tr></tbody>
      <tbody class="passed results-table-row">
        <tr>
          <td class="col-result">Passed</td>
          <td class="col-name">Store_test/test_find_order.py::inventoryTests::test_response_petId_field</td>
          <td class="col-duration">0.73</td>
          <td class="col-links"></td></tr>
        <tr>
          <td class="extra" colspan="4">
            <div class="empty log">No log output captured.</div></td></tr></tbody>
      <tbody class="passed results-table-row">
        <tr>
          <td class="col-result">Passed</td>
          <td class="col-name">Store_test/test_find_order.py::inventoryTests::test_status_code_200_other_id</td>
          <td class="col-duration">1.41</td>
          <td class="col-links"></td></tr>
        <tr>
          <td class="extra" colspan="4">
            <div class="empty log">No log output captured.</div></td></tr></tbody>
      <tbody class="passed results-table-row">
        <tr>
          <td class="col-result">Passed</td>
          <td class="col-name">Store_test/test_find_order.py::inventoryTests::test_response_quantity_field</td>
          <td class="col-duration">1.02</td>
          <td class="col-links"></td></tr>
        <tr>
          <td class="extra" colspan="4">
            <div class="empty log">No log output captured.</div></td></tr></tbody>
      <tbody class="passed results-table-row">
        <tr>
          <td class="col-result">Passed</td>
          <td class="col-name">Store_test/test_find_order.py::inventoryTests::test_response_status_field</td>
          <td class="col-duration">0.80</td>
          <td class="col-links"></td></tr>
        <tr>
          <td class="extra" colspan="4">
            <div class="empty log">No log output captured.</div></td></tr></tbody>
      <tbody class="passed results-table-row">
        <tr>
          <td class="col-result">Passed</td>
          <td class="col-name">Store_test/test_find_order.py::inventoryTests::test_response_complete_field</td>
          <td class="col-duration">0.71</td>
          <td class="col-links"></td></tr>
        <tr>
          <td class="extra" colspan="4">
            <div class="empty log">No log output captured.</div></td></tr></tbody>
      <tbody class="passed results-table-row">
        <tr>
          <td class="col-result">Passed</td>
          <td class="col-name">Store_test/test_find_order.py::inventoryTests::test_status_for_order_not_found</td>
          <td class="col-duration">1.34</td>
          <td class="col-links"></td></tr>
        <tr>
          <td class="extra" colspan="4">
            <div class="empty log">No log output captured.</div></td></tr></tbody>
      <tbody class="passed results-table-row">
        <tr>
          <td class="col-result">Passed</td>
          <td class="col-name">Store_test/test_find_order.py::inventoryTests::test_response_shipDate_field</td>
          <td class="col-duration">1.05</td>
          <td class="col-links"></td></tr>
        <tr>
          <td class="extra" colspan="4">
            <div class="empty log">No log output captured.</div></td></tr></tbody>
      <tbody class="passed results-table-row">
        <tr>
          <td class="col-result">Passed</td>
          <td class="col-name">Store_test/test_store_order.py::ordersTests::test_response_response_body_200</td>
          <td class="col-duration">0.39</td>
          <td class="col-links"></td></tr>
        <tr>
          <td class="extra" colspan="4">
            <div class="empty log">No log output captured.</div></td></tr></tbody>
      <tbody class="passed results-table-row">
        <tr>
          <td class="col-result">Passed</td>
          <td class="col-name">Store_test/test_invetory.py::inventoryTests::test_status_available</td>
          <td class="col-duration">0.01</td>
          <td class="col-links"></td></tr>
        <tr>
          <td class="extra" colspan="4">
            <div class="empty log">No log output captured.</div></td></tr></tbody>
      <tbody class="passed results-table-row">
        <tr>
          <td class="col-result">Passed</td>
          <td class="col-name">Store_test/test_store_order.py::ordersTests::test_status_code_200</td>
          <td class="col-duration">0.35</td>
          <td class="col-links"></td></tr>
        <tr>
          <td class="extra" colspan="4">
            <div class="empty log">No log output captured.</div></td></tr></tbody>
      <tbody class="passed results-table-row">
        <tr>
          <td class="col-result">Passed</td>
          <td class="col-name">Store_test/test_invetory.py::inventoryTests::test_status_pending</td>
          <td class="col-duration">0.00</td>
          <td class="col-links"></td></tr>
        <tr>
          <td class="extra" colspan="4">
            <div class="empty log">No log output captured.</div></td></tr></tbody>
      <tbody class="passed results-table-row">
        <tr>
          <td class="col-result">Passed</td>
          <td class="col-name">Store_test/test_find_order.py::inventoryTests::test_response_id_field</td>
          <td class="col-duration">2.75</td>
          <td class="col-links"></td></tr>
        <tr>
          <td class="extra" colspan="4">
            <div class="empty log">No log output captured.</div></td></tr></tbody>
      <tbody class="passed results-table-row">
        <tr>
          <td class="col-result">Passed</td>
          <td class="col-name">Store_test/test_store_order.py::ordersTests::test_data_string_type_field_id</td>
          <td class="col-duration">0.30</td>
          <td class="col-links"></td></tr>
        <tr>
          <td class="extra" colspan="4">
            <div class="empty log">No log output captured.</div></td></tr></tbody>
      <tbody class="passed results-table-row">
        <tr>
          <td class="col-result">Passed</td>
          <td class="col-name">Store_test/test_invetory.py::inventoryTests::test_status_code_200</td>
          <td class="col-duration">0.00</td>
          <td class="col-links"></td></tr>
        <tr>
          <td class="extra" colspan="4">
            <div class="empty log">No log output captured.</div></td></tr></tbody>
      <tbody class="passed results-table-row">
        <tr>
          <td class="col-result">Passed</td>
          <td class="col-name">Store_test/test_invetory.py::inventoryTests::test_status_sold</td>
          <td class="col-duration">0.01</td>
          <td class="col-links"></td></tr>
        <tr>
          <td class="extra" colspan="4">
            <div class="empty log">No log output captured.</div></td></tr></tbody>
      <tbody class="passed results-table-row">
        <tr>
          <td class="col-result">Passed</td>
          <td class="col-name">Store_test/test_store_order.py::ordersTests::test_data_max_plus_one_field_id</td>
          <td class="col-duration">0.73</td>
          <td class="col-links"></td></tr>
        <tr>
          <td class="extra" colspan="4">
            <div class="empty log">No log output captured.</div></td></tr></tbody>
      <tbody class="passed results-table-row">
        <tr>
          <td class="col-result">Passed</td>
          <td class="col-name">Store_test/test_store_order.py::ordersTests::test_data_max_field_petId</td>
          <td class="col-duration">0.29</td>
          <td class="col-links"></td></tr>
        <tr>
          <td class="extra" colspan="4">
            <div class="empty log">No log output captured.</div></td></tr></tbody>
      <tbody class="passed results-table-row">
        <tr>
          <td class="col-result">Passed</td>
          <td class="col-name">Store_test/test_store_order.py::ordersTests::test_data_max_plus_one_field_petId</td>
          <td class="col-duration">0.32</td>
          <td class="col-links"></td></tr>
        <tr>
          <td class="extra" colspan="4">
            <div class="empty log">No log output captured.</div></td></tr></tbody>
      <tbody class="passed results-table-row">
        <tr>
          <td class="col-result">Passed</td>
          <td class="col-name">Store_test/test_store_order.py::ordersTests::test_data_string_type_field_quantity</td>
          <td class="col-duration">0.29</td>
          <td class="col-links"></td></tr>
        <tr>
          <td class="extra" colspan="4">
            <div class="empty log">No log output captured.</div></td></tr></tbody>
      <tbody class="passed results-table-row">
        <tr>
          <td class="col-result">Passed</td>
          <td class="col-name">Store_test/test_store_order.py::ordersTests::test_data_string_type_field_petId</td>
          <td class="col-duration">0.74</td>
          <td class="col-links"></td></tr>
        <tr>
          <td class="extra" colspan="4">
            <div class="empty log">No log output captured.</div></td></tr></tbody>
      <tbody class="passed results-table-row">
        <tr>
          <td class="col-result">Passed</td>
          <td class="col-name">Store_test/test_store_order.py::ordersTests::test_shipDate_in_zero</td>
          <td class="col-duration">0.31</td>
          <td class="col-links"></td></tr>
        <tr>
          <td class="extra" colspan="4">
            <div class="empty log">No log output captured.</div></td></tr></tbody>
      <tbody class="passed results-table-row">
        <tr>
          <td class="col-result">Passed</td>
          <td class="col-name">Store_test/test_store_order.py::ordersTests::test_data_max_field_id</td>
          <td class="col-duration">0.33</td>
          <td class="col-links"></td></tr>
        <tr>
          <td class="extra" colspan="4">
            <div class="empty log">No log output captured.</div></td></tr></tbody>
      <tbody class="passed results-table-row">
        <tr>
          <td class="col-result">Passed</td>
          <td class="col-name">Store_test/test_store_order.py::ordersTests::test_data_max_plus_one_field_quantity</td>
          <td class="col-duration">0.29</td>
          <td class="col-links"></td></tr>
        <tr>
          <td class="extra" colspan="4">
            <div class="empty log">No log output captured.</div></td></tr></tbody>
      <tbody class="passed results-table-row">
        <tr>
          <td class="col-result">Passed</td>
          <td class="col-name">Store_test/test_store_order.py::ordersTests::test_status_value_placed</td>
          <td class="col-duration">0.65</td>
          <td class="col-links"></td></tr>
        <tr>
          <td class="extra" colspan="4">
            <div class="empty log">No log output captured.</div></td></tr></tbody>
      <tbody class="passed results-table-row">
        <tr>
          <td class="col-result">Passed</td>
          <td class="col-name">Store_test/test_store_order.py::ordersTests::test_shipDate_random_value</td>
          <td class="col-duration">0.73</td>
          <td class="col-links"></td></tr>
        <tr>
          <td class="extra" colspan="4">
            <div class="empty log">No log output captured.</div></td></tr></tbody>
      <tbody class="passed results-table-row">
        <tr>
          <td class="col-result">Passed</td>
          <td class="col-name">Store_test/test_store_order.py::ordersTests::test_status_value_delivered</td>
          <td class="col-duration">0.76</td>
          <td class="col-links"></td></tr>
        <tr>
          <td class="extra" colspan="4">
            <div class="empty log">No log output captured.</div></td></tr></tbody>
      <tbody class="passed results-table-row">
        <tr>
          <td class="col-result">Passed</td>
          <td class="col-name">Store_test/test_store_order.py::ordersTests::test_complete_with_true</td>
          <td class="col-duration">0.29</td>
          <td class="col-links"></td></tr>
        <tr>
          <td class="extra" colspan="4">
            <div class="empty log">No log output captured.</div></td></tr></tbody>
      <tbody class="passed results-table-row">
        <tr>
          <td class="col-result">Passed</td>
          <td class="col-name">Store_test/test_store_order.py::ordersTests::test_data_max_field_quantity</td>
          <td class="col-duration">1.52</td>
          <td class="col-links"></td></tr>
        <tr>
          <td class="extra" colspan="4">
            <div class="empty log">No log output captured.</div></td></tr></tbody>
      <tbody class="passed results-table-row">
        <tr>
          <td class="col-result">Passed</td>
          <td class="col-name">Store_test/test_store_order.py::ordersTests::test_status_value_approved</td>
          <td class="col-duration">0.29</td>
          <td class="col-links"></td></tr>
        <tr>
          <td class="extra" colspan="4">
            <div class="empty log">No log output captured.</div></td></tr></tbody>
      <tbody class="passed results-table-row">
        <tr>
          <td class="col-result">Passed</td>
          <td class="col-name">Store_test/test_store_order.py::ordersTests::test_complete_with_false</td>
          <td class="col-duration">0.73</td>
          <td class="col-links"></td></tr>
        <tr>
          <td class="extra" colspan="4">
            <div class="empty log">No log output captured.</div></td></tr></tbody>
      <tbody class="passed results-table-row">
        <tr>
          <td class="col-result">Passed</td>
          <td class="col-name">Store_test/test_store_order.py::ordersTests::test_complete_with_incorrect_value</td>
          <td class="col-duration">2.30</td>
          <td class="col-links"></td></tr>
        <tr>
          <td class="extra" colspan="4">
            <div class="empty log">No log output captured.</div></td></tr></tbody></table></body></html>